<?xml version="1.0" encoding="UTF-8"?>
<testng-results ignored="0" total="1" passed="1" failed="0" skipped="0">
  <reporter-output>
  </reporter-output>
  <suite started-at="2025-08-04T19:58:13 IST" name="Default suite" finished-at="2025-08-04T19:58:20 IST" duration-ms="7457">
    <groups>
    </groups>
    <test started-at="2025-08-04T19:58:13 IST" name="Default test" finished-at="2025-08-04T19:58:20 IST" duration-ms="7457">
      <class name="automation.LoginTest">
        <test-method is-config="true" signature="setup(java.lang.String)[pri:0, instance:automation.LoginTest@31304f14]" started-at="2025-08-04T19:58:13 IST" name="setup" finished-at="2025-08-04T19:58:16 IST" duration-ms="2972" status="PASS">
          <params>
            <param index="0">
              <value>
                <![CDATA[chrome]]>
              </value>
            </param>
          </params>
          <reporter-output>
          </reporter-output>
        </test-method> <!-- setup -->
        <test-method signature="loginWith_ValidEmail_WrongPassCredentials()[pri:0, instance:automation.LoginTest@31304f14]" started-at="2025-08-04T19:58:16 IST" name="loginWith_ValidEmail_WrongPassCredentials" finished-at="2025-08-04T19:58:20 IST" duration-ms="4180" status="PASS">
          <reporter-output>
          </reporter-output>
        </test-method> <!-- loginWith_ValidEmail_WrongPassCredentials -->
        <test-method is-config="true" signature="tearDown()[pri:0, instance:automation.LoginTest@31304f14]" started-at="2025-08-04T19:58:20 IST" name="tearDown" finished-at="2025-08-04T19:58:20 IST" duration-ms="239" status="PASS">
          <reporter-output>
          </reporter-output>
        </test-method> <!-- tearDown -->
      </class> <!-- automation.LoginTest -->
    </test> <!-- Default test -->
  </suite> <!-- Default suite -->
</testng-results>
