<?xml version="1.0" encoding="UTF-8"?>
<!-- Generated by org.testng.reporters.JUnitXMLReporter -->
<testsuite ignored="0" hostname="DESKTOP-9NOAQUM" failures="3" tests="8" name="EdgeTest" time="72.488" errors="0" timestamp="2025-08-04T14:37:54 IST">
  <testcase classname="automation.LoginTest" name="loginWith_BlankCredentials" time="6.944">
    <failure type="java.lang.AssertionError">
      <![CDATA[java.lang.AssertionError
at automation.LoginTest.loginWith_BlankCredentials(LoginTest.java:85)
at java.base/java.util.ArrayList.forEach(ArrayList.java:1596)
at java.base/java.util.concurrent.FutureTask.run(FutureTask.java:317)
at java.base/java.util.concurrent.ThreadPoolExecutor.runWorker(ThreadPoolExecutor.java:1144)
at java.base/java.util.concurrent.ThreadPoolExecutor$Worker.run(ThreadPoolExecutor.java:642)
at java.base/java.lang.Thread.run(Thread.java:1583)
... Removed 15 stack frames]]>
    </failure>
  </testcase> <!-- loginWith_BlankCredentials -->
  <testcase classname="automation.LoginTest" name="loginWith_BlankEmail_OnlyPass_Credentials" time="5.301">
    <failure type="java.lang.AssertionError">
      <![CDATA[java.lang.AssertionError
at automation.LoginTest.loginWith_BlankEmail_OnlyPass_Credentials(LoginTest.java:118)
at java.base/java.util.ArrayList.forEach(ArrayList.java:1596)
at java.base/java.util.concurrent.FutureTask.run(FutureTask.java:317)
at java.base/java.util.concurrent.ThreadPoolExecutor.runWorker(ThreadPoolExecutor.java:1144)
at java.base/java.util.concurrent.ThreadPoolExecutor$Worker.run(ThreadPoolExecutor.java:642)
at java.base/java.lang.Thread.run(Thread.java:1583)
... Removed 15 stack frames]]>
    </failure>
  </testcase> <!-- loginWith_BlankEmail_OnlyPass_Credentials -->
  <testcase classname="automation.LoginTest" name="loginWith_OnlyEmail_BlankPass_Credentials" time="5.885">
    <failure type="java.lang.AssertionError">
      <![CDATA[java.lang.AssertionError
at automation.LoginTest.loginWith_OnlyEmail_BlankPass_Credentials(LoginTest.java:102)
at java.base/java.util.ArrayList.forEach(ArrayList.java:1596)
at java.base/java.util.concurrent.FutureTask.run(FutureTask.java:317)
at java.base/java.util.concurrent.ThreadPoolExecutor.runWorker(ThreadPoolExecutor.java:1144)
at java.base/java.util.concurrent.ThreadPoolExecutor$Worker.run(ThreadPoolExecutor.java:642)
at java.base/java.lang.Thread.run(Thread.java:1583)
... Removed 15 stack frames]]>
    </failure>
  </testcase> <!-- loginWith_OnlyEmail_BlankPass_Credentials -->
  <testcase classname="automation.LoginTest" name="loginWith_SQL_InjectionInEmail_ValidPass_Credentials" time="6.051"/>
  <testcase classname="automation.LoginTest" name="loginWith_UnregisteredEmail_ValidPassCredentials" time="5.631"/>
  <testcase classname="automation.LoginTest" name="loginWith_ValidCredentials" time="5.742"/>
  <testcase classname="automation.LoginTest" name="loginWith_ValidEmail_WrongPassCredentials" time="6.067"/>
  <testcase classname="automation.LoginTest" name="loginWith_WrongEmail_ValidPassCredentials" time="8.029"/>
</testsuite> <!-- EdgeTest -->
